<?xml version="1.0" encoding="UTF-8"?>
<!-- Generated by org.testng.reporters.JUnitXMLReporter -->
<testsuite ignored="9" hostname="Hp" failures="0" tests="1" name="Default test" time="9.164" errors="0" timestamp="2022-05-20T09:53:06 IST">
  <testcase classname="Hybrid.logincrm" name="aboutapp" time="1.359"/>
  <testcase classname="Hybrid.logincrm" name="signupapp" time="0.0">
    <ignored/>
  </testcase> <!-- signupapp -->
  <testcase classname="Hybrid.logincrm" name="searchupapp" time="0.0">
    <ignored/>
  </testcase> <!-- searchupapp -->
  <testcase classname="Hybrid.logincrm" name="Bedapp" time="0.0">
    <ignored/>
  </testcase> <!-- Bedapp -->
  <testcase classname="Hybrid.logincrm" name="loginApp" time="0.0">
    <ignored/>
  </testcase> <!-- loginApp -->
  <testcase classname="Hybrid.logincrm" name="Bedappcart" time="0.0">
    <ignored/>
  </testcase> <!-- Bedappcart -->
  <testcase classname="Hybrid.logincrm" name="assertions" time="0.0">
    <ignored/>
  </testcase> <!-- assertions -->
  <testcase classname="Hybrid.logincrm" name="studyapp" time="0.0">
    <ignored/>
  </testcase> <!-- studyapp -->
  <testcase classname="Hybrid.logincrm" name="infoapp" time="0.0">
    <ignored/>
  </testcase> <!-- infoapp -->
  <testcase classname="Hybrid.logincrm" name="tvappcart" time="0.0">
    <ignored/>
  </testcase> <!-- tvappcart -->
</testsuite> <!-- Default test -->
