<?xml version="1.0" encoding="UTF-8"?>
<!-- Generated by org.testng.reporters.JUnitXMLReporter -->
<testsuite ignored="0" hostname="Hp" failures="0" tests="10" name="Test" time="59.725" errors="0" timestamp="2022-05-20T18:31:13 IST">
  <testcase classname="Hybrid.logincrm" name="loginApp" time="5.266"/>
  <testcase classname="Hybrid.logincrm" name="signupapp" time="8.168"/>
  <testcase classname="Hybrid.logincrm" name="searchupapp" time="8.923"/>
  <testcase classname="Hybrid.logincrm" name="Bedapp" time="9.068"/>
  <testcase classname="Hybrid.logincrm" name="Bedappcart" time="6.731"/>
  <testcase classname="Hybrid.logincrm" name="assertions" time="4.48"/>
  <testcase classname="Hybrid.logincrm" name="tvappcart" time="2.129"/>
  <testcase classname="Hybrid.logincrm" name="studyapp" time="3.231"/>
  <testcase classname="Hybrid.logincrm" name="aboutapp" time="0.746"/>
  <testcase classname="Hybrid.logincrm" name="infoapp" time="0.556"/>
</testsuite> <!-- Test -->
